2025-01-24 22:55:09.155 | INFO     | utils.utils_logger:<module>:38 - Logging to file: logs\project_log.log
2025-01-24 22:55:09.157 | INFO     | __main__:<module>:68 - Project root: C:\Users\adria\Projects\buzzline-03-vega
2025-01-24 22:55:09.158 | INFO     | __main__:<module>:72 - Data folder: C:\Users\adria\Projects\buzzline-03-vega\data
2025-01-24 22:55:09.158 | INFO     | __main__:<module>:76 - Data file: C:\Users\adria\Projects\buzzline-03-vega\data\buzz.json
2025-01-24 22:55:09.158 | INFO     | __main__:main:136 - START producer.
2025-01-24 22:55:09.158 | INFO     | utils.utils_producer:get_zookeeper_address:57 - Zookeeper address: localhost:2181
2025-01-24 22:55:09.164 | INFO     | utils.utils_producer:check_zookeeper_service_is_ready:79 - Zookeeper is ready at localhost:2181.
2025-01-24 22:55:09.164 | INFO     | utils.utils_producer:get_kafka_broker_address:50 - Kafka broker address: localhost:9092
2025-01-24 22:55:09.487 | INFO     | utils.utils_producer:check_kafka_service_is_ready:98 - Kafka is ready. Brokers: {'throttle_time_ms': 0, 'brokers': [{'node_id': 1001, 'host': 'localhost', 'port': 9092, 'rack': None}], 'cluster_id': 'odYJaPKjQLOygbHz0Ru2iw', 'controller_id': 1001}
2025-01-24 22:55:09.488 | INFO     | __main__:get_kafka_topic:50 - Kafka topic: buzzline_json
2025-01-24 22:55:09.488 | INFO     | __main__:get_message_interval:57 - Message interval: 1 seconds
2025-01-24 22:55:09.488 | INFO     | utils.utils_producer:get_kafka_broker_address:50 - Kafka broker address: localhost:9092
2025-01-24 22:55:09.489 | INFO     | utils.utils_producer:create_kafka_producer:146 - Connecting to Kafka broker at localhost:9092...
2025-01-24 22:55:09.594 | INFO     | utils.utils_producer:create_kafka_producer:151 - Kafka producer successfully created.
2025-01-24 22:55:09.595 | INFO     | utils.utils_producer:get_kafka_broker_address:50 - Kafka broker address: localhost:9092
2025-01-24 22:55:09.909 | INFO     | utils.utils_producer:create_kafka_topic:176 - Creating 'buzzline_json'.
2025-01-24 22:55:10.065 | INFO     | utils.utils_producer:create_kafka_topic:181 - Topic 'buzzline_json' created successfully.
2025-01-24 22:55:10.066 | INFO     | __main__:main:159 - Kafka topic 'buzzline_json' is ready.
2025-01-24 22:55:10.066 | INFO     | __main__:main:165 - Starting message production to topic 'buzzline_json'...
2025-01-24 22:55:10.067 | INFO     | __main__:generate_messages:95 - Opening data file in read mode: C:\Users\adria\Projects\buzzline-03-vega\data\buzz.json
2025-01-24 22:55:10.074 | INFO     | __main__:generate_messages:97 - Reading data from file: C:\Users\adria\Projects\buzzline-03-vega\data\buzz.json
2025-01-24 22:55:10.084 | INFO     | __main__:main:170 - Sent message to topic 'buzzline_json': {'message': 'Data engineering is my passion.', 'author': 'Eve'}
2025-01-24 22:55:11.084 | INFO     | __main__:main:170 - Sent message to topic 'buzzline_json': {'message': 'Distributed systems are fascinating.', 'author': 'Alice'}
2025-01-24 22:55:12.086 | INFO     | __main__:main:170 - Sent message to topic 'buzzline_json': {'message': 'Have a great day!', 'author': 'Charlie'}
2025-01-24 22:55:13.088 | INFO     | __main__:main:170 - Sent message to topic 'buzzline_json': {'message': 'Data engineering is my passion.', 'author': 'Alice'}
2025-01-24 22:55:14.091 | INFO     | __main__:main:170 - Sent message to topic 'buzzline_json': {'message': 'Distributed systems are fascinating.', 'author': 'Diana'}
2025-01-24 22:55:15.092 | INFO     | __main__:main:170 - Sent message to topic 'buzzline_json': {'message': 'Buzz messages for everyone.', 'author': 'Alice'}
2025-01-24 22:55:16.095 | INFO     | __main__:main:170 - Sent message to topic 'buzzline_json': {'message': 'Hello, Kafka world!', 'author': 'Diana'}
2025-01-24 22:55:17.097 | INFO     | __main__:main:170 - Sent message to topic 'buzzline_json': {'message': 'This is a buzz message.', 'author': 'Eve'}
2025-01-24 22:55:18.097 | INFO     | __main__:main:170 - Sent message to topic 'buzzline_json': {'message': 'JSON makes life easier.', 'author': 'Eve'}
2025-01-24 22:55:19.099 | INFO     | __main__:main:170 - Sent message to topic 'buzzline_json': {'message': 'JSON makes life easier.', 'author': 'Alice'}
2025-01-24 22:55:20.101 | INFO     | __main__:main:170 - Sent message to topic 'buzzline_json': {'message': 'Data engineering is my passion.', 'author': 'Diana'}
2025-01-24 22:55:21.103 | INFO     | __main__:main:170 - Sent message to topic 'buzzline_json': {'message': 'JSON makes life easier.', 'author': 'Diana'}
2025-01-24 22:55:22.105 | INFO     | __main__:main:170 - Sent message to topic 'buzzline_json': {'message': 'Kafka is awesome.', 'author': 'Charlie'}
2025-01-24 22:55:23.107 | INFO     | __main__:main:170 - Sent message to topic 'buzzline_json': {'message': 'JSON makes life easier.', 'author': 'Bob'}
2025-01-24 22:55:24.109 | INFO     | __main__:main:170 - Sent message to topic 'buzzline_json': {'message': 'I love Python!', 'author': 'Bob'}
2025-01-24 22:55:25.111 | INFO     | __main__:main:170 - Sent message to topic 'buzzline_json': {'message': 'This is a buzz message.', 'author': 'Eve'}
2025-01-24 22:55:26.113 | INFO     | __main__:main:170 - Sent message to topic 'buzzline_json': {'message': 'I love Python!', 'author': 'Eve'}
2025-01-24 22:55:27.115 | INFO     | __main__:main:170 - Sent message to topic 'buzzline_json': {'message': 'Buzz messages for everyone.', 'author': 'Alice'}
2025-01-24 22:55:28.116 | INFO     | __main__:main:170 - Sent message to topic 'buzzline_json': {'message': 'This is a buzz message.', 'author': 'Alice'}
2025-01-24 22:55:29.119 | INFO     | __main__:main:170 - Sent message to topic 'buzzline_json': {'message': 'Data engineering is my passion.', 'author': 'Diana'}
2025-01-24 22:55:30.119 | INFO     | __main__:main:170 - Sent message to topic 'buzzline_json': {'message': 'I love Python!', 'author': 'Eve'}
2025-01-24 22:55:31.121 | INFO     | __main__:main:170 - Sent message to topic 'buzzline_json': {'message': 'JSON makes life easier.', 'author': 'Charlie'}
2025-01-24 22:55:32.123 | INFO     | __main__:main:170 - Sent message to topic 'buzzline_json': {'message': 'Have a great day!', 'author': 'Bob'}
2025-01-24 22:55:33.126 | INFO     | __main__:main:170 - Sent message to topic 'buzzline_json': {'message': 'Data engineering is my passion.', 'author': 'Alice'}
2025-01-24 22:55:34.127 | INFO     | __main__:main:170 - Sent message to topic 'buzzline_json': {'message': 'Kafka is awesome.', 'author': 'Diana'}
2025-01-24 22:55:35.131 | INFO     | __main__:main:170 - Sent message to topic 'buzzline_json': {'message': 'Kafka is awesome.', 'author': 'Diana'}
2025-01-24 22:55:36.132 | INFO     | __main__:main:170 - Sent message to topic 'buzzline_json': {'message': 'Hello, Kafka world!', 'author': 'Bob'}
2025-01-24 22:55:37.134 | INFO     | __main__:main:170 - Sent message to topic 'buzzline_json': {'message': 'Distributed systems are fascinating.', 'author': 'Diana'}
2025-01-24 22:55:38.135 | INFO     | __main__:main:170 - Sent message to topic 'buzzline_json': {'message': 'I love Python!', 'author': 'Diana'}
2025-01-24 22:55:39.137 | INFO     | __main__:main:170 - Sent message to topic 'buzzline_json': {'message': 'Have a great day!', 'author': 'Alice'}
2025-01-24 22:55:40.140 | INFO     | __main__:main:170 - Sent message to topic 'buzzline_json': {'message': 'Hello, Kafka world!', 'author': 'Charlie'}
2025-01-24 22:55:41.143 | INFO     | __main__:main:170 - Sent message to topic 'buzzline_json': {'message': 'JSON makes life easier.', 'author': 'Diana'}
2025-01-24 22:55:42.145 | INFO     | __main__:main:170 - Sent message to topic 'buzzline_json': {'message': 'I love Python!', 'author': 'Bob'}
2025-01-24 22:55:43.147 | INFO     | __main__:main:170 - Sent message to topic 'buzzline_json': {'message': 'Have a great day!', 'author': 'Diana'}
2025-01-24 22:55:44.148 | INFO     | __main__:main:170 - Sent message to topic 'buzzline_json': {'message': 'Hello, Kafka world!', 'author': 'Alice'}
2025-01-24 22:55:45.151 | INFO     | __main__:main:170 - Sent message to topic 'buzzline_json': {'message': 'JSON makes life easier.', 'author': 'Alice'}
2025-01-24 22:55:46.152 | INFO     | __main__:main:170 - Sent message to topic 'buzzline_json': {'message': 'Buzz messages for everyone.', 'author': 'Charlie'}
2025-01-24 22:55:47.154 | INFO     | __main__:main:170 - Sent message to topic 'buzzline_json': {'message': 'Buzz messages for everyone.', 'author': 'Bob'}
2025-01-24 22:55:47.547 | INFO     | utils.utils_logger:<module>:38 - Logging to file: logs\project_log.log
2025-01-24 22:55:47.550 | INFO     | __main__:main:124 - START consumer.
2025-01-24 22:55:47.551 | INFO     | __main__:get_kafka_topic:46 - Kafka topic: buzzline_json
2025-01-24 22:55:47.551 | INFO     | __main__:get_kafka_consumer_group_id:53 - Kafka consumer group id: buzz_group
2025-01-24 22:55:47.551 | INFO     | __main__:main:129 - Consumer: Topic 'buzzline_json' and group 'buzz_group'...
2025-01-24 22:55:47.551 | INFO     | utils.utils_producer:get_kafka_broker_address:50 - Kafka broker address: localhost:9092
2025-01-24 22:55:47.551 | INFO     | utils.utils_consumer:create_kafka_consumer:44 - Creating Kafka consumer. Topic='buzzline_json' and group ID='buzz_group'.
2025-01-24 22:55:47.665 | INFO     | utils.utils_consumer:create_kafka_consumer:59 - Kafka consumer created successfully.
2025-01-24 22:55:47.665 | INFO     | __main__:main:135 - Polling messages from topic 'buzzline_json'...
2025-01-24 22:55:48.156 | INFO     | __main__:main:170 - Sent message to topic 'buzzline_json': {'message': 'Streaming data is fun.', 'author': 'Diana'}
2025-01-24 22:55:48.311 | INFO     | __main__:process_message:89 - Processed JSON message: {'message': 'Data engineering is my passion.', 'author': 'Eve'}
2025-01-24 22:55:48.311 | INFO     | __main__:process_message:95 - Message received from author: Eve
2025-01-24 22:55:48.311 | INFO     | __main__:process_message:101 - Updated author counts: {'Eve': 1}
2025-01-24 22:55:48.312 | INFO     | __main__:process_message:89 - Processed JSON message: {'message': 'Distributed systems are fascinating.', 'author': 'Alice'}
2025-01-24 22:55:48.312 | INFO     | __main__:process_message:95 - Message received from author: Alice
2025-01-24 22:55:48.312 | INFO     | __main__:process_message:101 - Updated author counts: {'Eve': 1, 'Alice': 1}
2025-01-24 22:55:48.312 | INFO     | __main__:process_message:89 - Processed JSON message: {'message': 'Have a great day!', 'author': 'Charlie'}
2025-01-24 22:55:48.313 | INFO     | __main__:process_message:95 - Message received from author: Charlie
2025-01-24 22:55:48.313 | INFO     | __main__:process_message:101 - Updated author counts: {'Eve': 1, 'Alice': 1, 'Charlie': 1}
2025-01-24 22:55:48.313 | INFO     | __main__:process_message:89 - Processed JSON message: {'message': 'Data engineering is my passion.', 'author': 'Alice'}
2025-01-24 22:55:48.314 | INFO     | __main__:process_message:95 - Message received from author: Alice
2025-01-24 22:55:48.314 | INFO     | __main__:process_message:101 - Updated author counts: {'Eve': 1, 'Alice': 2, 'Charlie': 1}
2025-01-24 22:55:48.314 | INFO     | __main__:process_message:89 - Processed JSON message: {'message': 'Distributed systems are fascinating.', 'author': 'Diana'}
2025-01-24 22:55:48.314 | INFO     | __main__:process_message:95 - Message received from author: Diana
2025-01-24 22:55:48.314 | INFO     | __main__:process_message:101 - Updated author counts: {'Eve': 1, 'Alice': 2, 'Charlie': 1, 'Diana': 1}
2025-01-24 22:55:48.315 | INFO     | __main__:process_message:89 - Processed JSON message: {'message': 'Buzz messages for everyone.', 'author': 'Alice'}
2025-01-24 22:55:48.315 | INFO     | __main__:process_message:95 - Message received from author: Alice
2025-01-24 22:55:48.315 | INFO     | __main__:process_message:101 - Updated author counts: {'Eve': 1, 'Alice': 3, 'Charlie': 1, 'Diana': 1}
2025-01-24 22:55:48.316 | INFO     | __main__:process_message:89 - Processed JSON message: {'message': 'Hello, Kafka world!', 'author': 'Diana'}
2025-01-24 22:55:48.316 | INFO     | __main__:process_message:95 - Message received from author: Diana
2025-01-24 22:55:48.316 | INFO     | __main__:process_message:101 - Updated author counts: {'Eve': 1, 'Alice': 3, 'Charlie': 1, 'Diana': 2}
2025-01-24 22:55:48.316 | INFO     | __main__:process_message:89 - Processed JSON message: {'message': 'This is a buzz message.', 'author': 'Eve'}
2025-01-24 22:55:48.317 | INFO     | __main__:process_message:95 - Message received from author: Eve
2025-01-24 22:55:48.317 | INFO     | __main__:process_message:101 - Updated author counts: {'Eve': 2, 'Alice': 3, 'Charlie': 1, 'Diana': 2}
2025-01-24 22:55:48.317 | INFO     | __main__:process_message:89 - Processed JSON message: {'message': 'JSON makes life easier.', 'author': 'Eve'}
2025-01-24 22:55:48.317 | INFO     | __main__:process_message:95 - Message received from author: Eve
2025-01-24 22:55:48.317 | INFO     | __main__:process_message:101 - Updated author counts: {'Eve': 3, 'Alice': 3, 'Charlie': 1, 'Diana': 2}
2025-01-24 22:55:48.318 | INFO     | __main__:process_message:89 - Processed JSON message: {'message': 'JSON makes life easier.', 'author': 'Alice'}
2025-01-24 22:55:48.318 | INFO     | __main__:process_message:95 - Message received from author: Alice
2025-01-24 22:55:48.318 | INFO     | __main__:process_message:101 - Updated author counts: {'Eve': 3, 'Alice': 4, 'Charlie': 1, 'Diana': 2}
2025-01-24 22:55:48.318 | INFO     | __main__:process_message:89 - Processed JSON message: {'message': 'Data engineering is my passion.', 'author': 'Diana'}
2025-01-24 22:55:48.319 | INFO     | __main__:process_message:95 - Message received from author: Diana
2025-01-24 22:55:48.319 | INFO     | __main__:process_message:101 - Updated author counts: {'Eve': 3, 'Alice': 4, 'Charlie': 1, 'Diana': 3}
2025-01-24 22:55:48.319 | INFO     | __main__:process_message:89 - Processed JSON message: {'message': 'JSON makes life easier.', 'author': 'Diana'}
2025-01-24 22:55:48.319 | INFO     | __main__:process_message:95 - Message received from author: Diana
2025-01-24 22:55:48.320 | INFO     | __main__:process_message:101 - Updated author counts: {'Eve': 3, 'Alice': 4, 'Charlie': 1, 'Diana': 4}
2025-01-24 22:55:48.320 | INFO     | __main__:process_message:89 - Processed JSON message: {'message': 'Kafka is awesome.', 'author': 'Charlie'}
2025-01-24 22:55:48.320 | INFO     | __main__:process_message:95 - Message received from author: Charlie
2025-01-24 22:55:48.320 | INFO     | __main__:process_message:101 - Updated author counts: {'Eve': 3, 'Alice': 4, 'Charlie': 2, 'Diana': 4}
2025-01-24 22:55:48.321 | INFO     | __main__:process_message:89 - Processed JSON message: {'message': 'JSON makes life easier.', 'author': 'Bob'}
2025-01-24 22:55:48.321 | INFO     | __main__:process_message:95 - Message received from author: Bob
2025-01-24 22:55:48.321 | INFO     | __main__:process_message:101 - Updated author counts: {'Eve': 3, 'Alice': 4, 'Charlie': 2, 'Diana': 4, 'Bob': 1}
2025-01-24 22:55:48.321 | INFO     | __main__:process_message:89 - Processed JSON message: {'message': 'I love Python!', 'author': 'Bob'}
2025-01-24 22:55:48.321 | INFO     | __main__:process_message:95 - Message received from author: Bob
2025-01-24 22:55:48.322 | INFO     | __main__:process_message:101 - Updated author counts: {'Eve': 3, 'Alice': 4, 'Charlie': 2, 'Diana': 4, 'Bob': 2}
2025-01-24 22:55:48.322 | INFO     | __main__:process_message:89 - Processed JSON message: {'message': 'This is a buzz message.', 'author': 'Eve'}
2025-01-24 22:55:48.322 | INFO     | __main__:process_message:95 - Message received from author: Eve
2025-01-24 22:55:48.323 | INFO     | __main__:process_message:101 - Updated author counts: {'Eve': 4, 'Alice': 4, 'Charlie': 2, 'Diana': 4, 'Bob': 2}
2025-01-24 22:55:48.323 | INFO     | __main__:process_message:89 - Processed JSON message: {'message': 'I love Python!', 'author': 'Eve'}
2025-01-24 22:55:48.323 | INFO     | __main__:process_message:95 - Message received from author: Eve
2025-01-24 22:55:48.324 | INFO     | __main__:process_message:101 - Updated author counts: {'Eve': 5, 'Alice': 4, 'Charlie': 2, 'Diana': 4, 'Bob': 2}
2025-01-24 22:55:48.324 | INFO     | __main__:process_message:89 - Processed JSON message: {'message': 'Buzz messages for everyone.', 'author': 'Alice'}
2025-01-24 22:55:48.324 | INFO     | __main__:process_message:95 - Message received from author: Alice
2025-01-24 22:55:48.325 | INFO     | __main__:process_message:101 - Updated author counts: {'Eve': 5, 'Alice': 5, 'Charlie': 2, 'Diana': 4, 'Bob': 2}
2025-01-24 22:55:48.325 | INFO     | __main__:process_message:89 - Processed JSON message: {'message': 'This is a buzz message.', 'author': 'Alice'}
2025-01-24 22:55:48.325 | INFO     | __main__:process_message:95 - Message received from author: Alice
2025-01-24 22:55:48.325 | INFO     | __main__:process_message:101 - Updated author counts: {'Eve': 5, 'Alice': 6, 'Charlie': 2, 'Diana': 4, 'Bob': 2}
2025-01-24 22:55:48.325 | INFO     | __main__:process_message:89 - Processed JSON message: {'message': 'Data engineering is my passion.', 'author': 'Diana'}
2025-01-24 22:55:48.327 | INFO     | __main__:process_message:95 - Message received from author: Diana
2025-01-24 22:55:48.327 | INFO     | __main__:process_message:101 - Updated author counts: {'Eve': 5, 'Alice': 6, 'Charlie': 2, 'Diana': 5, 'Bob': 2}
2025-01-24 22:55:48.328 | INFO     | __main__:process_message:89 - Processed JSON message: {'message': 'I love Python!', 'author': 'Eve'}
2025-01-24 22:55:48.328 | INFO     | __main__:process_message:95 - Message received from author: Eve
2025-01-24 22:55:48.328 | INFO     | __main__:process_message:101 - Updated author counts: {'Eve': 6, 'Alice': 6, 'Charlie': 2, 'Diana': 5, 'Bob': 2}
2025-01-24 22:55:48.328 | INFO     | __main__:process_message:89 - Processed JSON message: {'message': 'JSON makes life easier.', 'author': 'Charlie'}
2025-01-24 22:55:48.329 | INFO     | __main__:process_message:95 - Message received from author: Charlie
2025-01-24 22:55:48.329 | INFO     | __main__:process_message:101 - Updated author counts: {'Eve': 6, 'Alice': 6, 'Charlie': 3, 'Diana': 5, 'Bob': 2}
2025-01-24 22:55:48.329 | INFO     | __main__:process_message:89 - Processed JSON message: {'message': 'Have a great day!', 'author': 'Bob'}
2025-01-24 22:55:48.330 | INFO     | __main__:process_message:95 - Message received from author: Bob
2025-01-24 22:55:48.330 | INFO     | __main__:process_message:101 - Updated author counts: {'Eve': 6, 'Alice': 6, 'Charlie': 3, 'Diana': 5, 'Bob': 3}
2025-01-24 22:55:48.331 | INFO     | __main__:process_message:89 - Processed JSON message: {'message': 'Data engineering is my passion.', 'author': 'Alice'}
2025-01-24 22:55:48.331 | INFO     | __main__:process_message:95 - Message received from author: Alice
2025-01-24 22:55:48.331 | INFO     | __main__:process_message:101 - Updated author counts: {'Eve': 6, 'Alice': 7, 'Charlie': 3, 'Diana': 5, 'Bob': 3}
2025-01-24 22:55:48.332 | INFO     | __main__:process_message:89 - Processed JSON message: {'message': 'Kafka is awesome.', 'author': 'Diana'}
2025-01-24 22:55:48.332 | INFO     | __main__:process_message:95 - Message received from author: Diana
2025-01-24 22:55:48.332 | INFO     | __main__:process_message:101 - Updated author counts: {'Eve': 6, 'Alice': 7, 'Charlie': 3, 'Diana': 6, 'Bob': 3}
2025-01-24 22:55:48.333 | INFO     | __main__:process_message:89 - Processed JSON message: {'message': 'Kafka is awesome.', 'author': 'Diana'}
2025-01-24 22:55:48.333 | INFO     | __main__:process_message:95 - Message received from author: Diana
2025-01-24 22:55:48.333 | INFO     | __main__:process_message:101 - Updated author counts: {'Eve': 6, 'Alice': 7, 'Charlie': 3, 'Diana': 7, 'Bob': 3}
2025-01-24 22:55:48.333 | INFO     | __main__:process_message:89 - Processed JSON message: {'message': 'Hello, Kafka world!', 'author': 'Bob'}
2025-01-24 22:55:48.333 | INFO     | __main__:process_message:95 - Message received from author: Bob
2025-01-24 22:55:48.334 | INFO     | __main__:process_message:101 - Updated author counts: {'Eve': 6, 'Alice': 7, 'Charlie': 3, 'Diana': 7, 'Bob': 4}
2025-01-24 22:55:48.334 | INFO     | __main__:process_message:89 - Processed JSON message: {'message': 'Distributed systems are fascinating.', 'author': 'Diana'}
2025-01-24 22:55:48.334 | INFO     | __main__:process_message:95 - Message received from author: Diana
2025-01-24 22:55:48.334 | INFO     | __main__:process_message:101 - Updated author counts: {'Eve': 6, 'Alice': 7, 'Charlie': 3, 'Diana': 8, 'Bob': 4}
2025-01-24 22:55:48.335 | INFO     | __main__:process_message:89 - Processed JSON message: {'message': 'I love Python!', 'author': 'Diana'}
2025-01-24 22:55:48.335 | INFO     | __main__:process_message:95 - Message received from author: Diana
2025-01-24 22:55:48.335 | INFO     | __main__:process_message:101 - Updated author counts: {'Eve': 6, 'Alice': 7, 'Charlie': 3, 'Diana': 9, 'Bob': 4}
2025-01-24 22:55:48.336 | INFO     | __main__:process_message:89 - Processed JSON message: {'message': 'Have a great day!', 'author': 'Alice'}
2025-01-24 22:55:48.336 | INFO     | __main__:process_message:95 - Message received from author: Alice
2025-01-24 22:55:48.337 | INFO     | __main__:process_message:101 - Updated author counts: {'Eve': 6, 'Alice': 8, 'Charlie': 3, 'Diana': 9, 'Bob': 4}
2025-01-24 22:55:48.337 | INFO     | __main__:process_message:89 - Processed JSON message: {'message': 'Hello, Kafka world!', 'author': 'Charlie'}
2025-01-24 22:55:48.337 | INFO     | __main__:process_message:95 - Message received from author: Charlie
2025-01-24 22:55:48.337 | INFO     | __main__:process_message:101 - Updated author counts: {'Eve': 6, 'Alice': 8, 'Charlie': 4, 'Diana': 9, 'Bob': 4}
2025-01-24 22:55:48.338 | INFO     | __main__:process_message:89 - Processed JSON message: {'message': 'JSON makes life easier.', 'author': 'Diana'}
2025-01-24 22:55:48.338 | INFO     | __main__:process_message:95 - Message received from author: Diana
2025-01-24 22:55:48.338 | INFO     | __main__:process_message:101 - Updated author counts: {'Eve': 6, 'Alice': 8, 'Charlie': 4, 'Diana': 10, 'Bob': 4}
2025-01-24 22:55:48.339 | INFO     | __main__:process_message:89 - Processed JSON message: {'message': 'I love Python!', 'author': 'Bob'}
2025-01-24 22:55:48.339 | INFO     | __main__:process_message:95 - Message received from author: Bob
2025-01-24 22:55:48.339 | INFO     | __main__:process_message:101 - Updated author counts: {'Eve': 6, 'Alice': 8, 'Charlie': 4, 'Diana': 10, 'Bob': 5}
2025-01-24 22:55:48.339 | INFO     | __main__:process_message:89 - Processed JSON message: {'message': 'Have a great day!', 'author': 'Diana'}
2025-01-24 22:55:48.340 | INFO     | __main__:process_message:95 - Message received from author: Diana
2025-01-24 22:55:48.340 | INFO     | __main__:process_message:101 - Updated author counts: {'Eve': 6, 'Alice': 8, 'Charlie': 4, 'Diana': 11, 'Bob': 5}
2025-01-24 22:55:48.340 | INFO     | __main__:process_message:89 - Processed JSON message: {'message': 'Hello, Kafka world!', 'author': 'Alice'}
2025-01-24 22:55:48.340 | INFO     | __main__:process_message:95 - Message received from author: Alice
2025-01-24 22:55:48.341 | INFO     | __main__:process_message:101 - Updated author counts: {'Eve': 6, 'Alice': 9, 'Charlie': 4, 'Diana': 11, 'Bob': 5}
2025-01-24 22:55:48.341 | INFO     | __main__:process_message:89 - Processed JSON message: {'message': 'JSON makes life easier.', 'author': 'Alice'}
2025-01-24 22:55:48.341 | INFO     | __main__:process_message:95 - Message received from author: Alice
2025-01-24 22:55:48.341 | INFO     | __main__:process_message:101 - Updated author counts: {'Eve': 6, 'Alice': 10, 'Charlie': 4, 'Diana': 11, 'Bob': 5}
2025-01-24 22:55:48.341 | INFO     | __main__:process_message:89 - Processed JSON message: {'message': 'Buzz messages for everyone.', 'author': 'Charlie'}
2025-01-24 22:55:48.342 | INFO     | __main__:process_message:95 - Message received from author: Charlie
2025-01-24 22:55:48.342 | INFO     | __main__:process_message:101 - Updated author counts: {'Eve': 6, 'Alice': 10, 'Charlie': 5, 'Diana': 11, 'Bob': 5}
2025-01-24 22:55:48.342 | INFO     | __main__:process_message:89 - Processed JSON message: {'message': 'Buzz messages for everyone.', 'author': 'Bob'}
2025-01-24 22:55:48.342 | INFO     | __main__:process_message:95 - Message received from author: Bob
2025-01-24 22:55:48.343 | INFO     | __main__:process_message:101 - Updated author counts: {'Eve': 6, 'Alice': 10, 'Charlie': 5, 'Diana': 11, 'Bob': 6}
2025-01-24 22:55:48.343 | INFO     | __main__:process_message:89 - Processed JSON message: {'message': 'Streaming data is fun.', 'author': 'Diana'}
2025-01-24 22:55:48.344 | INFO     | __main__:process_message:95 - Message received from author: Diana
2025-01-24 22:55:48.344 | INFO     | __main__:process_message:101 - Updated author counts: {'Eve': 6, 'Alice': 10, 'Charlie': 5, 'Diana': 12, 'Bob': 6}
2025-01-24 22:55:49.157 | INFO     | __main__:main:170 - Sent message to topic 'buzzline_json': {'message': 'Have a great day!', 'author': 'Diana'}
2025-01-24 22:55:49.161 | INFO     | __main__:process_message:89 - Processed JSON message: {'message': 'Have a great day!', 'author': 'Diana'}
2025-01-24 22:55:49.162 | INFO     | __main__:process_message:95 - Message received from author: Diana
2025-01-24 22:55:49.162 | INFO     | __main__:process_message:101 - Updated author counts: {'Eve': 6, 'Alice': 10, 'Charlie': 5, 'Diana': 13, 'Bob': 6}
2025-01-24 22:55:50.159 | INFO     | __main__:main:170 - Sent message to topic 'buzzline_json': {'message': 'I love Python!', 'author': 'Alice'}
2025-01-24 22:55:50.164 | INFO     | __main__:process_message:89 - Processed JSON message: {'message': 'I love Python!', 'author': 'Alice'}
2025-01-24 22:55:50.164 | INFO     | __main__:process_message:95 - Message received from author: Alice
2025-01-24 22:55:50.164 | INFO     | __main__:process_message:101 - Updated author counts: {'Eve': 6, 'Alice': 11, 'Charlie': 5, 'Diana': 13, 'Bob': 6}
2025-01-24 22:55:51.160 | INFO     | __main__:main:170 - Sent message to topic 'buzzline_json': {'message': 'Streaming data is fun.', 'author': 'Charlie'}
2025-01-24 22:55:51.165 | INFO     | __main__:process_message:89 - Processed JSON message: {'message': 'Streaming data is fun.', 'author': 'Charlie'}
2025-01-24 22:55:51.165 | INFO     | __main__:process_message:95 - Message received from author: Charlie
2025-01-24 22:55:51.166 | INFO     | __main__:process_message:101 - Updated author counts: {'Eve': 6, 'Alice': 11, 'Charlie': 6, 'Diana': 13, 'Bob': 6}
2025-01-24 22:55:52.162 | INFO     | __main__:main:170 - Sent message to topic 'buzzline_json': {'message': 'Kafka is awesome.', 'author': 'Alice'}
2025-01-24 22:55:52.166 | INFO     | __main__:process_message:89 - Processed JSON message: {'message': 'Kafka is awesome.', 'author': 'Alice'}
2025-01-24 22:55:52.166 | INFO     | __main__:process_message:95 - Message received from author: Alice
2025-01-24 22:55:52.166 | INFO     | __main__:process_message:101 - Updated author counts: {'Eve': 6, 'Alice': 12, 'Charlie': 6, 'Diana': 13, 'Bob': 6}
2025-01-24 22:55:53.163 | INFO     | __main__:main:170 - Sent message to topic 'buzzline_json': {'message': 'Kafka is awesome.', 'author': 'Diana'}
2025-01-24 22:55:53.168 | INFO     | __main__:process_message:89 - Processed JSON message: {'message': 'Kafka is awesome.', 'author': 'Diana'}
2025-01-24 22:55:53.168 | INFO     | __main__:process_message:95 - Message received from author: Diana
2025-01-24 22:55:53.168 | INFO     | __main__:process_message:101 - Updated author counts: {'Eve': 6, 'Alice': 12, 'Charlie': 6, 'Diana': 14, 'Bob': 6}
2025-01-24 22:55:54.165 | INFO     | __main__:main:170 - Sent message to topic 'buzzline_json': {'message': 'Kafka is awesome.', 'author': 'Alice'}
2025-01-24 22:55:54.169 | INFO     | __main__:process_message:89 - Processed JSON message: {'message': 'Kafka is awesome.', 'author': 'Alice'}
2025-01-24 22:55:54.169 | INFO     | __main__:process_message:95 - Message received from author: Alice
2025-01-24 22:55:54.170 | INFO     | __main__:process_message:101 - Updated author counts: {'Eve': 6, 'Alice': 13, 'Charlie': 6, 'Diana': 14, 'Bob': 6}
2025-01-24 22:55:55.167 | INFO     | __main__:main:170 - Sent message to topic 'buzzline_json': {'message': 'JSON makes life easier.', 'author': 'Bob'}
2025-01-24 22:55:55.171 | INFO     | __main__:process_message:89 - Processed JSON message: {'message': 'JSON makes life easier.', 'author': 'Bob'}
2025-01-24 22:55:55.172 | INFO     | __main__:process_message:95 - Message received from author: Bob
2025-01-24 22:55:55.172 | INFO     | __main__:process_message:101 - Updated author counts: {'Eve': 6, 'Alice': 13, 'Charlie': 6, 'Diana': 14, 'Bob': 7}
2025-01-24 22:55:56.168 | INFO     | __main__:main:170 - Sent message to topic 'buzzline_json': {'message': 'This is a buzz message.', 'author': 'Bob'}
2025-01-24 22:55:56.172 | INFO     | __main__:process_message:89 - Processed JSON message: {'message': 'This is a buzz message.', 'author': 'Bob'}
2025-01-24 22:55:56.172 | INFO     | __main__:process_message:95 - Message received from author: Bob
2025-01-24 22:55:56.172 | INFO     | __main__:process_message:101 - Updated author counts: {'Eve': 6, 'Alice': 13, 'Charlie': 6, 'Diana': 14, 'Bob': 8}
2025-01-24 22:55:57.170 | INFO     | __main__:main:170 - Sent message to topic 'buzzline_json': {'message': 'Streaming data is fun.', 'author': 'Diana'}
2025-01-24 22:55:57.175 | INFO     | __main__:process_message:89 - Processed JSON message: {'message': 'Streaming data is fun.', 'author': 'Diana'}
2025-01-24 22:55:57.175 | INFO     | __main__:process_message:95 - Message received from author: Diana
2025-01-24 22:55:57.175 | INFO     | __main__:process_message:101 - Updated author counts: {'Eve': 6, 'Alice': 13, 'Charlie': 6, 'Diana': 15, 'Bob': 8}
2025-01-24 22:55:58.172 | INFO     | __main__:main:170 - Sent message to topic 'buzzline_json': {'message': 'Have a great day!', 'author': 'Bob'}
2025-01-24 22:55:58.176 | INFO     | __main__:process_message:89 - Processed JSON message: {'message': 'Have a great day!', 'author': 'Bob'}
2025-01-24 22:55:58.176 | INFO     | __main__:process_message:95 - Message received from author: Bob
2025-01-24 22:55:58.176 | INFO     | __main__:process_message:101 - Updated author counts: {'Eve': 6, 'Alice': 13, 'Charlie': 6, 'Diana': 15, 'Bob': 9}
2025-01-24 22:55:59.173 | INFO     | __main__:main:170 - Sent message to topic 'buzzline_json': {'message': 'This is a buzz message.', 'author': 'Eve'}
2025-01-24 22:55:59.178 | INFO     | __main__:process_message:89 - Processed JSON message: {'message': 'This is a buzz message.', 'author': 'Eve'}
2025-01-24 22:55:59.179 | INFO     | __main__:process_message:95 - Message received from author: Eve
2025-01-24 22:55:59.179 | INFO     | __main__:process_message:101 - Updated author counts: {'Eve': 7, 'Alice': 13, 'Charlie': 6, 'Diana': 15, 'Bob': 9}
2025-01-24 22:56:00.175 | INFO     | __main__:main:170 - Sent message to topic 'buzzline_json': {'message': 'Hello, Kafka world!', 'author': 'Bob'}
2025-01-24 22:56:00.178 | INFO     | __main__:process_message:89 - Processed JSON message: {'message': 'Hello, Kafka world!', 'author': 'Bob'}
2025-01-24 22:56:00.179 | INFO     | __main__:process_message:95 - Message received from author: Bob
2025-01-24 22:56:00.179 | INFO     | __main__:process_message:101 - Updated author counts: {'Eve': 7, 'Alice': 13, 'Charlie': 6, 'Diana': 15, 'Bob': 10}
2025-01-24 22:56:01.176 | INFO     | __main__:main:170 - Sent message to topic 'buzzline_json': {'message': 'This is a buzz message.', 'author': 'Alice'}
2025-01-24 22:56:01.180 | INFO     | __main__:process_message:89 - Processed JSON message: {'message': 'This is a buzz message.', 'author': 'Alice'}
2025-01-24 22:56:01.180 | INFO     | __main__:process_message:95 - Message received from author: Alice
2025-01-24 22:56:01.180 | INFO     | __main__:process_message:101 - Updated author counts: {'Eve': 7, 'Alice': 14, 'Charlie': 6, 'Diana': 15, 'Bob': 10}
2025-01-24 22:56:02.178 | INFO     | __main__:main:170 - Sent message to topic 'buzzline_json': {'message': 'Streaming data is fun.', 'author': 'Eve'}
2025-01-24 22:56:02.182 | INFO     | __main__:process_message:89 - Processed JSON message: {'message': 'Streaming data is fun.', 'author': 'Eve'}
2025-01-24 22:56:02.183 | INFO     | __main__:process_message:95 - Message received from author: Eve
2025-01-24 22:56:02.183 | INFO     | __main__:process_message:101 - Updated author counts: {'Eve': 8, 'Alice': 14, 'Charlie': 6, 'Diana': 15, 'Bob': 10}
2025-01-24 22:56:03.180 | INFO     | __main__:main:170 - Sent message to topic 'buzzline_json': {'message': 'Kafka is awesome.', 'author': 'Alice'}
2025-01-24 22:56:03.184 | INFO     | __main__:process_message:89 - Processed JSON message: {'message': 'Kafka is awesome.', 'author': 'Alice'}
2025-01-24 22:56:03.185 | INFO     | __main__:process_message:95 - Message received from author: Alice
2025-01-24 22:56:03.185 | INFO     | __main__:process_message:101 - Updated author counts: {'Eve': 8, 'Alice': 15, 'Charlie': 6, 'Diana': 15, 'Bob': 10}
2025-01-24 22:56:04.181 | INFO     | __main__:main:170 - Sent message to topic 'buzzline_json': {'message': 'JSON makes life easier.', 'author': 'Bob'}
2025-01-24 22:56:04.185 | INFO     | __main__:process_message:89 - Processed JSON message: {'message': 'JSON makes life easier.', 'author': 'Bob'}
2025-01-24 22:56:04.185 | INFO     | __main__:process_message:95 - Message received from author: Bob
2025-01-24 22:56:04.185 | INFO     | __main__:process_message:101 - Updated author counts: {'Eve': 8, 'Alice': 15, 'Charlie': 6, 'Diana': 15, 'Bob': 11}
2025-01-24 22:56:05.183 | INFO     | __main__:main:170 - Sent message to topic 'buzzline_json': {'message': 'This is a buzz message.', 'author': 'Charlie'}
2025-01-24 22:56:05.186 | INFO     | __main__:process_message:89 - Processed JSON message: {'message': 'This is a buzz message.', 'author': 'Charlie'}
2025-01-24 22:56:05.187 | INFO     | __main__:process_message:95 - Message received from author: Charlie
2025-01-24 22:56:05.187 | INFO     | __main__:process_message:101 - Updated author counts: {'Eve': 8, 'Alice': 15, 'Charlie': 7, 'Diana': 15, 'Bob': 11}
2025-01-24 22:56:06.184 | INFO     | __main__:main:170 - Sent message to topic 'buzzline_json': {'message': 'Have a great day!', 'author': 'Diana'}
2025-01-24 22:56:06.188 | INFO     | __main__:process_message:89 - Processed JSON message: {'message': 'Have a great day!', 'author': 'Diana'}
2025-01-24 22:56:06.188 | INFO     | __main__:process_message:95 - Message received from author: Diana
2025-01-24 22:56:06.188 | INFO     | __main__:process_message:101 - Updated author counts: {'Eve': 8, 'Alice': 15, 'Charlie': 7, 'Diana': 16, 'Bob': 11}
2025-01-24 22:56:07.185 | INFO     | __main__:main:170 - Sent message to topic 'buzzline_json': {'message': 'Distributed systems are fascinating.', 'author': 'Bob'}
2025-01-24 22:56:07.190 | INFO     | __main__:process_message:89 - Processed JSON message: {'message': 'Distributed systems are fascinating.', 'author': 'Bob'}
2025-01-24 22:56:07.190 | INFO     | __main__:process_message:95 - Message received from author: Bob
2025-01-24 22:56:07.190 | INFO     | __main__:process_message:101 - Updated author counts: {'Eve': 8, 'Alice': 15, 'Charlie': 7, 'Diana': 16, 'Bob': 12}
2025-01-24 22:56:08.187 | INFO     | __main__:main:170 - Sent message to topic 'buzzline_json': {'message': 'Kafka is awesome.', 'author': 'Alice'}
2025-01-24 22:56:08.191 | INFO     | __main__:process_message:89 - Processed JSON message: {'message': 'Kafka is awesome.', 'author': 'Alice'}
2025-01-24 22:56:08.191 | INFO     | __main__:process_message:95 - Message received from author: Alice
2025-01-24 22:56:08.191 | INFO     | __main__:process_message:101 - Updated author counts: {'Eve': 8, 'Alice': 16, 'Charlie': 7, 'Diana': 16, 'Bob': 12}
2025-01-24 22:56:09.189 | INFO     | __main__:main:170 - Sent message to topic 'buzzline_json': {'message': 'Streaming data is fun.', 'author': 'Alice'}
2025-01-24 22:56:09.194 | INFO     | __main__:process_message:89 - Processed JSON message: {'message': 'Streaming data is fun.', 'author': 'Alice'}
2025-01-24 22:56:09.194 | INFO     | __main__:process_message:95 - Message received from author: Alice
2025-01-24 22:56:09.194 | INFO     | __main__:process_message:101 - Updated author counts: {'Eve': 8, 'Alice': 17, 'Charlie': 7, 'Diana': 16, 'Bob': 12}
2025-01-24 22:56:09.454 | WARNING  | __main__:main:173 - Producer interrupted by user.
2025-01-24 22:56:09.455 | INFO     | __main__:main:178 - Kafka producer closed.
2025-01-24 22:56:09.456 | INFO     | __main__:main:180 - END producer.
2025-01-24 22:56:14.222 | WARNING  | __main__:main:142 - Consumer interrupted by user.
2025-01-24 22:56:14.233 | INFO     | __main__:main:147 - Kafka consumer for topic 'buzzline_json' closed.
2025-01-24 22:56:14.234 | INFO     | __main__:main:149 - END consumer for topic 'buzzline_json' and group 'buzz_group'.
2025-01-24 23:32:18.187 | INFO     | utils.utils_logger:<module>:38 - Logging to file: logs\project_log.log
2025-01-24 23:32:18.189 | INFO     | producers.csv_producer_case:<module>:66 - Project root: C:\Users\adria\Projects\buzzline-03-vega
2025-01-24 23:32:18.190 | INFO     | producers.csv_producer_case:<module>:70 - Data folder: C:\Users\adria\Projects\buzzline-03-vega\data
2025-01-24 23:32:18.190 | INFO     | producers.csv_producer_case:<module>:74 - Data file: C:\Users\adria\Projects\buzzline-03-vega\data\smoker_temps.csv
2025-01-24 23:33:47.271 | INFO     | utils.utils_logger:<module>:38 - Logging to file: logs\project_log.log
2025-01-24 23:33:47.272 | INFO     | producers.csv_producer_case:<module>:66 - Project root: C:\Users\adria\Projects\buzzline-03-vega
2025-01-24 23:33:47.273 | INFO     | producers.csv_producer_case:<module>:70 - Data folder: C:\Users\adria\Projects\buzzline-03-vega\data
2025-01-24 23:33:47.273 | INFO     | producers.csv_producer_case:<module>:74 - Data file: C:\Users\adria\Projects\buzzline-03-vega\data\smoker_temps.csv
2025-01-24 23:34:44.903 | INFO     | utils.utils_logger:<module>:38 - Logging to file: logs\project_log.log
2025-01-24 23:34:44.905 | INFO     | __main__:<module>:68 - Project root: C:\Users\adria\Projects\buzzline-03-vega
2025-01-24 23:34:44.905 | INFO     | __main__:<module>:72 - Data folder: C:\Users\adria\Projects\buzzline-03-vega\data
2025-01-24 23:34:44.905 | INFO     | __main__:<module>:76 - Data file: C:\Users\adria\Projects\buzzline-03-vega\data\buzz.json
2025-01-24 23:34:44.905 | INFO     | __main__:main:136 - START producer.
2025-01-24 23:34:44.905 | INFO     | utils.utils_producer:get_zookeeper_address:57 - Zookeeper address: localhost:2181
2025-01-24 23:34:44.914 | INFO     | utils.utils_producer:check_zookeeper_service_is_ready:79 - Zookeeper is ready at localhost:2181.
2025-01-24 23:34:44.914 | INFO     | utils.utils_producer:get_kafka_broker_address:50 - Kafka broker address: localhost:9092
2025-01-24 23:34:45.239 | INFO     | utils.utils_producer:check_kafka_service_is_ready:98 - Kafka is ready. Brokers: {'throttle_time_ms': 0, 'brokers': [{'node_id': 1001, 'host': 'localhost', 'port': 9092, 'rack': None}], 'cluster_id': '6P5LBqU4SWy1VKB0DnwO4A', 'controller_id': 1001}
2025-01-24 23:34:45.240 | INFO     | __main__:get_kafka_topic:50 - Kafka topic: buzzline_json
2025-01-24 23:34:45.240 | INFO     | __main__:get_message_interval:57 - Message interval: 1 seconds
2025-01-24 23:34:45.240 | INFO     | utils.utils_producer:get_kafka_broker_address:50 - Kafka broker address: localhost:9092
2025-01-24 23:34:45.241 | INFO     | utils.utils_producer:create_kafka_producer:146 - Connecting to Kafka broker at localhost:9092...
2025-01-24 23:34:45.347 | INFO     | utils.utils_producer:create_kafka_producer:151 - Kafka producer successfully created.
2025-01-24 23:34:45.347 | INFO     | utils.utils_producer:get_kafka_broker_address:50 - Kafka broker address: localhost:9092
2025-01-24 23:34:45.661 | INFO     | utils.utils_producer:create_kafka_topic:176 - Creating 'buzzline_json'.
2025-01-24 23:34:45.837 | INFO     | utils.utils_producer:create_kafka_topic:181 - Topic 'buzzline_json' created successfully.
2025-01-24 23:34:45.838 | INFO     | __main__:main:159 - Kafka topic 'buzzline_json' is ready.
2025-01-24 23:34:45.838 | INFO     | __main__:main:165 - Starting message production to topic 'buzzline_json'...
2025-01-24 23:34:45.838 | INFO     | __main__:generate_messages:95 - Opening data file in read mode: C:\Users\adria\Projects\buzzline-03-vega\data\buzz.json
2025-01-24 23:34:45.839 | INFO     | __main__:generate_messages:97 - Reading data from file: C:\Users\adria\Projects\buzzline-03-vega\data\buzz.json
2025-01-24 23:34:45.847 | INFO     | __main__:main:170 - Sent message to topic 'buzzline_json': {'message': 'Data engineering is my passion.', 'author': 'Eve'}
2025-01-24 23:34:46.571 | WARNING  | __main__:main:173 - Producer interrupted by user.
2025-01-24 23:34:46.572 | INFO     | __main__:main:178 - Kafka producer closed.
2025-01-24 23:34:46.573 | INFO     | __main__:main:180 - END producer.
2025-01-24 23:35:10.287 | INFO     | utils.utils_logger:<module>:38 - Logging to file: logs\project_log.log
2025-01-24 23:35:10.289 | INFO     | producers.csv_producer_case:<module>:66 - Project root: C:\Users\adria\Projects\buzzline-03-vega
2025-01-24 23:35:10.289 | INFO     | producers.csv_producer_case:<module>:70 - Data folder: C:\Users\adria\Projects\buzzline-03-vega\data
2025-01-24 23:35:10.289 | INFO     | producers.csv_producer_case:<module>:74 - Data file: C:\Users\adria\Projects\buzzline-03-vega\data\smoker_temps.csv
2025-01-24 23:38:08.567 | INFO     | utils.utils_logger:<module>:38 - Logging to file: logs\project_log.log
2025-01-24 23:38:08.569 | INFO     | __main__:<module>:66 - Project root: C:\Users\adria\Projects\buzzline-03-vega
2025-01-24 23:38:08.569 | INFO     | __main__:<module>:70 - Data folder: C:\Users\adria\Projects\buzzline-03-vega\data
2025-01-24 23:38:08.569 | INFO     | __main__:<module>:74 - Data file: C:\Users\adria\Projects\buzzline-03-vega\data\smoker_temps.csv
2025-01-24 23:38:08.569 | INFO     | __main__:main:134 - START producer.
2025-01-24 23:38:08.570 | INFO     | utils.utils_producer:get_zookeeper_address:57 - Zookeeper address: localhost:2181
2025-01-24 23:38:08.576 | INFO     | utils.utils_producer:check_zookeeper_service_is_ready:79 - Zookeeper is ready at localhost:2181.
2025-01-24 23:38:08.576 | INFO     | utils.utils_producer:get_kafka_broker_address:50 - Kafka broker address: localhost:9092
2025-01-24 23:38:08.895 | INFO     | utils.utils_producer:check_kafka_service_is_ready:98 - Kafka is ready. Brokers: {'throttle_time_ms': 0, 'brokers': [{'node_id': 1001, 'host': 'localhost', 'port': 9092, 'rack': None}], 'cluster_id': '6P5LBqU4SWy1VKB0DnwO4A', 'controller_id': 1001}
2025-01-24 23:38:08.895 | INFO     | __main__:get_kafka_topic:48 - Kafka topic: smoker_csv
2025-01-24 23:38:08.896 | INFO     | __main__:get_message_interval:55 - Message interval: 5 seconds
2025-01-24 23:38:08.896 | INFO     | utils.utils_producer:get_kafka_broker_address:50 - Kafka broker address: localhost:9092
2025-01-24 23:38:08.896 | INFO     | utils.utils_producer:create_kafka_producer:146 - Connecting to Kafka broker at localhost:9092...
2025-01-24 23:38:09.001 | INFO     | utils.utils_producer:create_kafka_producer:151 - Kafka producer successfully created.
2025-01-24 23:38:09.002 | INFO     | utils.utils_producer:get_kafka_broker_address:50 - Kafka broker address: localhost:9092
2025-01-24 23:38:09.319 | INFO     | utils.utils_producer:create_kafka_topic:176 - Creating 'smoker_csv'.
2025-01-24 23:38:09.360 | INFO     | utils.utils_producer:create_kafka_topic:181 - Topic 'smoker_csv' created successfully.
2025-01-24 23:38:09.360 | INFO     | __main__:main:157 - Kafka topic 'smoker_csv' is ready.
2025-01-24 23:38:09.360 | INFO     | __main__:main:163 - Starting message production to topic 'smoker_csv'...
2025-01-24 23:38:09.361 | INFO     | __main__:generate_messages:93 - Opening data file in read mode: C:\Users\adria\Projects\buzzline-03-vega\data\smoker_temps.csv
2025-01-24 23:38:09.370 | INFO     | __main__:generate_messages:95 - Reading data from file: C:\Users\adria\Projects\buzzline-03-vega\data\smoker_temps.csv
2025-01-24 23:38:09.375 | INFO     | __main__:main:167 - Sent message to topic 'smoker_csv': {'timestamp': '2025-01-25T05:38:09.370377', 'temperature': 70.4}
2025-01-24 23:38:14.376 | INFO     | __main__:main:167 - Sent message to topic 'smoker_csv': {'timestamp': '2025-01-25T05:38:14.376703', 'temperature': 70.8}
2025-01-24 23:38:14.577 | INFO     | utils.utils_logger:<module>:38 - Logging to file: logs\project_log.log
2025-01-24 23:38:14.580 | INFO     | __main__:main:162 - START consumer.
2025-01-24 23:38:14.580 | INFO     | __main__:get_kafka_topic:46 - Kafka topic: smoker_csv
2025-01-24 23:38:14.580 | INFO     | __main__:get_kafka_consumer_group_id:53 - Kafka consumer group id: smoker_group
2025-01-24 23:38:14.580 | INFO     | __main__:get_rolling_window_size:67 - Rolling window size: 10
2025-01-24 23:38:14.580 | INFO     | __main__:main:168 - Consumer: Topic 'smoker_csv' and group 'smoker_group'...
2025-01-24 23:38:14.580 | INFO     | __main__:main:169 - Rolling window size: 10
2025-01-24 23:38:14.580 | INFO     | utils.utils_producer:get_kafka_broker_address:50 - Kafka broker address: localhost:9092
2025-01-24 23:38:14.580 | INFO     | utils.utils_consumer:create_kafka_consumer:44 - Creating Kafka consumer. Topic='smoker_csv' and group ID='smoker_group'.
2025-01-24 23:38:14.690 | INFO     | utils.utils_consumer:create_kafka_consumer:59 - Kafka consumer created successfully.
2025-01-24 23:38:14.690 | INFO     | __main__:main:177 - Polling messages from topic 'smoker_csv'...
2025-01-24 23:38:15.309 | INFO     | __main__:process_message:127 - Processed JSON message: {'timestamp': '2025-01-25T05:38:09.370377', 'temperature': 70.4}
2025-01-24 23:38:15.310 | INFO     | __main__:get_rolling_window_size:67 - Rolling window size: 10
2025-01-24 23:38:15.310 | INFO     | __main__:process_message:127 - Processed JSON message: {'timestamp': '2025-01-25T05:38:14.376703', 'temperature': 70.8}
2025-01-24 23:38:15.310 | INFO     | __main__:get_rolling_window_size:67 - Rolling window size: 10
2025-01-24 23:38:19.378 | INFO     | __main__:main:167 - Sent message to topic 'smoker_csv': {'timestamp': '2025-01-25T05:38:19.378197', 'temperature': 71.2}
2025-01-24 23:38:19.383 | INFO     | __main__:process_message:127 - Processed JSON message: {'timestamp': '2025-01-25T05:38:19.378197', 'temperature': 71.2}
2025-01-24 23:38:19.383 | INFO     | __main__:get_rolling_window_size:67 - Rolling window size: 10
2025-01-24 23:38:24.380 | INFO     | __main__:main:167 - Sent message to topic 'smoker_csv': {'timestamp': '2025-01-25T05:38:24.380401', 'temperature': 71.6}
2025-01-24 23:38:24.383 | INFO     | __main__:process_message:127 - Processed JSON message: {'timestamp': '2025-01-25T05:38:24.380401', 'temperature': 71.6}
2025-01-24 23:38:24.383 | INFO     | __main__:get_rolling_window_size:67 - Rolling window size: 10
2025-01-24 23:38:29.381 | INFO     | __main__:main:167 - Sent message to topic 'smoker_csv': {'timestamp': '2025-01-25T05:38:29.381970', 'temperature': 72.0}
2025-01-24 23:38:29.385 | INFO     | __main__:process_message:127 - Processed JSON message: {'timestamp': '2025-01-25T05:38:29.381970', 'temperature': 72.0}
2025-01-24 23:38:29.385 | INFO     | __main__:get_rolling_window_size:67 - Rolling window size: 10
2025-01-24 23:38:34.383 | INFO     | __main__:main:167 - Sent message to topic 'smoker_csv': {'timestamp': '2025-01-25T05:38:34.383284', 'temperature': 72.4}
2025-01-24 23:38:34.388 | INFO     | __main__:process_message:127 - Processed JSON message: {'timestamp': '2025-01-25T05:38:34.383284', 'temperature': 72.4}
2025-01-24 23:38:34.388 | INFO     | __main__:get_rolling_window_size:67 - Rolling window size: 10
2025-01-24 23:38:39.385 | INFO     | __main__:main:167 - Sent message to topic 'smoker_csv': {'timestamp': '2025-01-25T05:38:39.385620', 'temperature': 72.8}
2025-01-24 23:38:39.388 | INFO     | __main__:process_message:127 - Processed JSON message: {'timestamp': '2025-01-25T05:38:39.385620', 'temperature': 72.8}
2025-01-24 23:38:39.388 | INFO     | __main__:get_rolling_window_size:67 - Rolling window size: 10
2025-01-24 23:38:44.388 | INFO     | __main__:main:167 - Sent message to topic 'smoker_csv': {'timestamp': '2025-01-25T05:38:44.387194', 'temperature': 73.2}
2025-01-24 23:38:44.392 | INFO     | __main__:process_message:127 - Processed JSON message: {'timestamp': '2025-01-25T05:38:44.387194', 'temperature': 73.2}
2025-01-24 23:38:44.393 | INFO     | __main__:get_rolling_window_size:67 - Rolling window size: 10
2025-01-24 23:38:49.389 | INFO     | __main__:main:167 - Sent message to topic 'smoker_csv': {'timestamp': '2025-01-25T05:38:49.389178', 'temperature': 73.6}
2025-01-24 23:38:49.393 | INFO     | __main__:process_message:127 - Processed JSON message: {'timestamp': '2025-01-25T05:38:49.389178', 'temperature': 73.6}
2025-01-24 23:38:49.393 | INFO     | __main__:get_rolling_window_size:67 - Rolling window size: 10
2025-01-24 23:38:54.390 | INFO     | __main__:main:167 - Sent message to topic 'smoker_csv': {'timestamp': '2025-01-25T05:38:54.390425', 'temperature': 74.0}
2025-01-24 23:38:54.393 | INFO     | __main__:process_message:127 - Processed JSON message: {'timestamp': '2025-01-25T05:38:54.390425', 'temperature': 74.0}
2025-01-24 23:38:54.393 | INFO     | __main__:get_rolling_window_size:67 - Rolling window size: 10
2025-01-24 23:38:54.394 | INFO     | __main__:get_stall_threshold:60 - Max stall temperature range: 0.2 F
2025-01-24 23:38:59.392 | INFO     | __main__:main:167 - Sent message to topic 'smoker_csv': {'timestamp': '2025-01-25T05:38:59.392001', 'temperature': 74.4}
2025-01-24 23:38:59.396 | INFO     | __main__:process_message:127 - Processed JSON message: {'timestamp': '2025-01-25T05:38:59.392001', 'temperature': 74.4}
2025-01-24 23:38:59.396 | INFO     | __main__:get_rolling_window_size:67 - Rolling window size: 10
2025-01-24 23:38:59.396 | INFO     | __main__:get_stall_threshold:60 - Max stall temperature range: 0.2 F
2025-01-24 23:39:04.393 | INFO     | __main__:main:167 - Sent message to topic 'smoker_csv': {'timestamp': '2025-01-25T05:39:04.393280', 'temperature': 74.8}
2025-01-24 23:39:04.397 | INFO     | __main__:process_message:127 - Processed JSON message: {'timestamp': '2025-01-25T05:39:04.393280', 'temperature': 74.8}
2025-01-24 23:39:04.397 | INFO     | __main__:get_rolling_window_size:67 - Rolling window size: 10
2025-01-24 23:39:04.397 | INFO     | __main__:get_stall_threshold:60 - Max stall temperature range: 0.2 F
2025-01-24 23:39:09.395 | INFO     | __main__:main:167 - Sent message to topic 'smoker_csv': {'timestamp': '2025-01-25T05:39:09.394804', 'temperature': 75.2}
2025-01-24 23:39:09.399 | INFO     | __main__:process_message:127 - Processed JSON message: {'timestamp': '2025-01-25T05:39:09.394804', 'temperature': 75.2}
2025-01-24 23:39:09.399 | INFO     | __main__:get_rolling_window_size:67 - Rolling window size: 10
2025-01-24 23:39:09.400 | INFO     | __main__:get_stall_threshold:60 - Max stall temperature range: 0.2 F
2025-01-24 23:39:14.396 | INFO     | __main__:main:167 - Sent message to topic 'smoker_csv': {'timestamp': '2025-01-25T05:39:14.396598', 'temperature': 75.6}
2025-01-24 23:39:14.399 | INFO     | __main__:process_message:127 - Processed JSON message: {'timestamp': '2025-01-25T05:39:14.396598', 'temperature': 75.6}
2025-01-24 23:39:14.401 | INFO     | __main__:get_rolling_window_size:67 - Rolling window size: 10
2025-01-24 23:39:14.401 | INFO     | __main__:get_stall_threshold:60 - Max stall temperature range: 0.2 F
2025-01-24 23:39:17.208 | WARNING  | __main__:main:170 - Producer interrupted by user.
2025-01-24 23:39:17.209 | INFO     | __main__:main:175 - Kafka producer closed.
2025-01-24 23:39:17.210 | INFO     | __main__:main:177 - END producer.
2025-01-24 23:39:18.394 | WARNING  | __main__:main:184 - Consumer interrupted by user.
2025-01-24 23:39:18.405 | INFO     | __main__:main:189 - Kafka consumer for topic 'smoker_csv' closed.
2025-01-31 19:17:04.668 | INFO     | utils.utils_logger:<module>:38 - Logging to file: logs\project_log.log
2025-01-31 19:17:04.670 | INFO     | __main__:<module>:68 - Project root: C:\Users\adria\Projects\buzzline-03-vega
2025-01-31 19:17:04.670 | INFO     | __main__:<module>:72 - Data folder: C:\Users\adria\Projects\buzzline-03-vega\data
2025-01-31 19:17:04.670 | INFO     | __main__:<module>:76 - Data file: C:\Users\adria\Projects\buzzline-03-vega\data\buzz.json
2025-01-31 19:17:04.670 | INFO     | __main__:main:136 - START producer.
2025-01-31 19:17:04.670 | INFO     | utils.utils_producer:get_zookeeper_address:57 - Zookeeper address: localhost:2181
2025-01-31 19:17:04.679 | INFO     | utils.utils_producer:check_zookeeper_service_is_ready:79 - Zookeeper is ready at localhost:2181.
2025-01-31 19:17:04.679 | INFO     | utils.utils_producer:get_kafka_broker_address:50 - Kafka broker address: localhost:9092
2025-01-31 19:17:05.002 | INFO     | utils.utils_producer:check_kafka_service_is_ready:98 - Kafka is ready. Brokers: {'throttle_time_ms': 0, 'brokers': [{'node_id': 1001, 'host': 'localhost', 'port': 9092, 'rack': None}], 'cluster_id': 'L4Jnq_nYTJuUJ4NJJfuPdg', 'controller_id': 1001}
2025-01-31 19:17:05.003 | INFO     | __main__:get_kafka_topic:50 - Kafka topic: buzzline_json
2025-01-31 19:17:05.003 | INFO     | __main__:get_message_interval:57 - Message interval: 1 seconds
2025-01-31 19:17:05.003 | INFO     | utils.utils_producer:get_kafka_broker_address:50 - Kafka broker address: localhost:9092
2025-01-31 19:17:05.004 | INFO     | utils.utils_producer:create_kafka_producer:146 - Connecting to Kafka broker at localhost:9092...
2025-01-31 19:17:05.110 | INFO     | utils.utils_producer:create_kafka_producer:151 - Kafka producer successfully created.
2025-01-31 19:17:05.111 | INFO     | utils.utils_producer:get_kafka_broker_address:50 - Kafka broker address: localhost:9092
2025-01-31 19:17:05.427 | INFO     | utils.utils_producer:create_kafka_topic:176 - Creating 'buzzline_json'.
2025-01-31 19:17:05.566 | INFO     | utils.utils_producer:create_kafka_topic:181 - Topic 'buzzline_json' created successfully.
2025-01-31 19:17:05.566 | INFO     | __main__:main:159 - Kafka topic 'buzzline_json' is ready.
2025-01-31 19:17:05.566 | INFO     | __main__:main:165 - Starting message production to topic 'buzzline_json'...
2025-01-31 19:17:05.567 | INFO     | __main__:generate_messages:95 - Opening data file in read mode: C:\Users\adria\Projects\buzzline-03-vega\data\buzz.json
2025-01-31 19:17:05.567 | INFO     | __main__:generate_messages:97 - Reading data from file: C:\Users\adria\Projects\buzzline-03-vega\data\buzz.json
2025-01-31 19:17:05.575 | INFO     | __main__:main:170 - Sent message to topic 'buzzline_json': {'message': 'Data engineering is my passion.', 'author': 'Eve'}
2025-01-31 19:17:06.577 | INFO     | __main__:main:170 - Sent message to topic 'buzzline_json': {'message': 'Distributed systems are fascinating.', 'author': 'Alice'}
2025-01-31 19:17:07.579 | INFO     | __main__:main:170 - Sent message to topic 'buzzline_json': {'message': 'Have a great day!', 'author': 'Charlie'}
2025-01-31 19:17:08.581 | INFO     | __main__:main:170 - Sent message to topic 'buzzline_json': {'message': 'Data engineering is my passion.', 'author': 'Alice'}
2025-01-31 19:17:09.584 | INFO     | __main__:main:170 - Sent message to topic 'buzzline_json': {'message': 'Distributed systems are fascinating.', 'author': 'Diana'}
2025-01-31 19:17:10.585 | INFO     | __main__:main:170 - Sent message to topic 'buzzline_json': {'message': 'Buzz messages for everyone.', 'author': 'Alice'}
2025-01-31 19:17:11.589 | INFO     | __main__:main:170 - Sent message to topic 'buzzline_json': {'message': 'Hello, Kafka world!', 'author': 'Diana'}
2025-01-31 19:17:12.590 | INFO     | __main__:main:170 - Sent message to topic 'buzzline_json': {'message': 'This is a buzz message.', 'author': 'Eve'}
2025-01-31 19:17:13.592 | INFO     | __main__:main:170 - Sent message to topic 'buzzline_json': {'message': 'JSON makes life easier.', 'author': 'Eve'}
2025-01-31 19:17:14.594 | INFO     | __main__:main:170 - Sent message to topic 'buzzline_json': {'message': 'JSON makes life easier.', 'author': 'Alice'}
2025-01-31 19:17:15.595 | INFO     | __main__:main:170 - Sent message to topic 'buzzline_json': {'message': 'Data engineering is my passion.', 'author': 'Diana'}
2025-01-31 19:17:16.597 | INFO     | __main__:main:170 - Sent message to topic 'buzzline_json': {'message': 'JSON makes life easier.', 'author': 'Diana'}
2025-01-31 19:17:17.600 | INFO     | __main__:main:170 - Sent message to topic 'buzzline_json': {'message': 'Kafka is awesome.', 'author': 'Charlie'}
2025-01-31 19:17:18.601 | INFO     | __main__:main:170 - Sent message to topic 'buzzline_json': {'message': 'JSON makes life easier.', 'author': 'Bob'}
2025-01-31 19:17:19.011 | WARNING  | __main__:main:173 - Producer interrupted by user.
2025-01-31 19:17:19.012 | INFO     | __main__:main:178 - Kafka producer closed.
2025-01-31 19:17:19.012 | INFO     | __main__:main:180 - END producer.
2025-01-31 19:17:56.295 | INFO     | utils.utils_logger:<module>:38 - Logging to file: logs\project_log.log
2025-01-31 19:17:56.297 | INFO     | __main__:<module>:68 - Project root: C:\Users\adria\Projects\buzzline-03-vega
2025-01-31 19:17:56.297 | INFO     | __main__:<module>:72 - Data folder: C:\Users\adria\Projects\buzzline-03-vega\data
2025-01-31 19:17:56.297 | INFO     | __main__:<module>:76 - Data file: C:\Users\adria\Projects\buzzline-03-vega\data\cats.json
2025-01-31 19:17:56.298 | INFO     | __main__:main:136 - START producer.
2025-01-31 19:17:56.298 | INFO     | utils.utils_producer:get_zookeeper_address:57 - Zookeeper address: localhost:2181
2025-01-31 19:17:56.304 | INFO     | utils.utils_producer:check_zookeeper_service_is_ready:79 - Zookeeper is ready at localhost:2181.
2025-01-31 19:17:56.304 | INFO     | utils.utils_producer:get_kafka_broker_address:50 - Kafka broker address: localhost:9092
2025-01-31 19:17:56.623 | INFO     | utils.utils_producer:check_kafka_service_is_ready:98 - Kafka is ready. Brokers: {'throttle_time_ms': 0, 'brokers': [{'node_id': 1001, 'host': 'localhost', 'port': 9092, 'rack': None}], 'cluster_id': 'L4Jnq_nYTJuUJ4NJJfuPdg', 'controller_id': 1001}
2025-01-31 19:17:56.624 | INFO     | __main__:get_kafka_topic:50 - Kafka topic: cats_json
2025-01-31 19:17:56.625 | INFO     | __main__:get_message_interval:57 - Message interval: 1 seconds
2025-01-31 19:17:56.625 | INFO     | utils.utils_producer:get_kafka_broker_address:50 - Kafka broker address: localhost:9092
2025-01-31 19:17:56.626 | INFO     | utils.utils_producer:create_kafka_producer:146 - Connecting to Kafka broker at localhost:9092...
2025-01-31 19:17:56.731 | INFO     | utils.utils_producer:create_kafka_producer:151 - Kafka producer successfully created.
2025-01-31 19:17:56.732 | INFO     | utils.utils_producer:get_kafka_broker_address:50 - Kafka broker address: localhost:9092
2025-01-31 19:17:57.047 | INFO     | utils.utils_producer:create_kafka_topic:176 - Creating 'cats_json'.
2025-01-31 19:17:57.082 | INFO     | utils.utils_producer:create_kafka_topic:181 - Topic 'cats_json' created successfully.
2025-01-31 19:17:57.083 | INFO     | __main__:main:159 - Kafka topic 'cats_json' is ready.
2025-01-31 19:17:57.083 | INFO     | __main__:main:165 - Starting message production to topic 'cats_json'...
2025-01-31 19:17:57.083 | INFO     | __main__:generate_messages:95 - Opening data file in read mode: C:\Users\adria\Projects\buzzline-03-vega\data\cats.json
2025-01-31 19:17:57.085 | INFO     | __main__:generate_messages:97 - Reading data from file: C:\Users\adria\Projects\buzzline-03-vega\data\cats.json
2025-01-31 19:17:57.088 | INFO     | __main__:main:170 - Sent message to topic 'cats_json': {'message': 'Cats are mysterious and majestic creatures.', 'author': 'Alice'}
2025-01-31 19:17:58.090 | INFO     | __main__:main:170 - Sent message to topic 'cats_json': {'message': 'The sound of a purring cat is incredibly soothing.', 'author': 'Bob'}
2025-01-31 19:17:59.092 | INFO     | __main__:main:170 - Sent message to topic 'cats_json': {'message': 'Did you know cats sleep for around 16 hours a day?', 'author': 'Charlie'}
2025-01-31 19:18:00.094 | INFO     | __main__:main:170 - Sent message to topic 'cats_json': {'message': 'Every cat has its own unique personality.', 'author': 'Diana'}
2025-01-31 19:18:01.096 | INFO     | __main__:main:170 - Sent message to topic 'cats_json': {'message': "Cats are excellent hunters, even when they're indoors.", 'author': 'Eve'}
2025-01-31 19:18:02.103 | INFO     | __main__:main:170 - Sent message to topic 'cats_json': {'message': 'A cats whiskers are not just for measuring gapstheyre incredibly sensitive!', 'author': 'Frank'}
2025-01-31 19:18:03.106 | INFO     | __main__:main:170 - Sent message to topic 'cats_json': {'message': 'Cats have been domesticated for over 4,000 years.', 'author': 'Grace'}
2025-01-31 19:18:04.108 | INFO     | __main__:main:170 - Sent message to topic 'cats_json': {'message': "A cat's sense of smell is 14 times stronger than that of humans.", 'author': 'Henry'}
2025-01-31 19:18:05.109 | INFO     | __main__:main:170 - Sent message to topic 'cats_json': {'message': 'Cats can rotate their ears 180 degrees to listen in all directions.', 'author': 'Ivy'}
2025-01-31 19:18:05.747 | WARNING  | __main__:main:173 - Producer interrupted by user.
2025-01-31 19:18:05.748 | INFO     | __main__:main:178 - Kafka producer closed.
2025-01-31 19:18:05.748 | INFO     | __main__:main:180 - END producer.
